<?xml version="1.0" encoding="UTF-8"?>
<!-- Generated by org.testng.reporters.JUnitXMLReporter -->
<testsuite hostname="Hp" ignored="2" name="Default test" tests="1" failures="0" timestamp="2023-04-03T10:27:59 IST" time="0.038" errors="0">
  <testcase name="Method3" time="0.007" classname="Practice.Test2"/>
  <testcase name="Method1" time="0.0" classname="Practice.Test2">
    <ignored/>
  </testcase> <!-- Method1 -->
  <testcase name="Method2" time="0.0" classname="Practice.Test2">
    <ignored/>
  </testcase> <!-- Method2 -->
</testsuite> <!-- Default test -->
