<?xml version="1.0" encoding="UTF-8"?>
<!-- Generated by org.testng.reporters.JUnitXMLReporter -->
<testsuite hostname="Hp" ignored="5" tests="0" failures="0" timestamp="2023-04-02T17:39:56 IST" time="0.007" errors="0">
  <testcase name="Method5" time="0.0" classname="Practice.Test1">
    <ignored/>
  </testcase> <!-- Method5 -->
  <testcase name="Method1" time="0.0" classname="Practice.Test2">
    <ignored/>
  </testcase> <!-- Method1 -->
  <testcase name="Method3" time="0.0" classname="Practice.Test2">
    <ignored/>
  </testcase> <!-- Method3 -->
  <testcase name="Method6" time="0.0" classname="Practice.Test1">
    <ignored/>
  </testcase> <!-- Method6 -->
  <testcase name="Method2" time="0.0" classname="Practice.Test2">
    <ignored/>
  </testcase> <!-- Method2 -->
</testsuite>
