<?xml version="1.0" encoding="UTF-8"?>
<testng-results skipped="0" failed="0" ignored="2" total="3" passed="1">
  <reporter-output>
  </reporter-output>
  <suite name="Default suite" duration-ms="38" started-at="2023-04-03T10:27:59 IST" finished-at="2023-04-03T10:27:59 IST">
    <groups>
    </groups>
    <test name="Default test" duration-ms="38" started-at="2023-04-03T10:27:59 IST" finished-at="2023-04-03T10:27:59 IST">
      <class name="Practice.Test2">
        <test-method status="PASS" signature="Method3()[pri:0, instance:Practice.Test2@6b9651f3]" name="Method3" duration-ms="7" started-at="2023-04-03T10:27:59 IST" finished-at="2023-04-03T10:27:59 IST">
          <reporter-output>
          </reporter-output>
        </test-method> <!-- Method3 -->
      </class> <!-- Practice.Test2 -->
    </test> <!-- Default test -->
  </suite> <!-- Default suite -->
</testng-results>
